<?xml version="1.0" encoding="utf-8"?><testsuites name="pytest tests"><testsuite name="pytest" errors="0" failures="0" skipped="7" tests="43" time="0.827" timestamp="2026-04-18T01:22:45.072149+00:00" hostname="b01ee0326342"><testcase classname="tests.integration.test_backend_connectivity.TestBackendConnectivity" name="test_create_table" time="0.169" /><testcase classname="tests.integration.test_backend_connectivity.TestBackendConnectivity" name="test_insert_data" time="0.004" /><testcase classname="tests.integration.test_backend_connectivity.TestBackendConnectivity" name="test_select_all" time="0.027" /><testcase classname="tests.integration.test_backend_connectivity.TestBackendConnectivity" name="test_filter" time="0.003" /><testcase classname="tests.integration.test_backend_connectivity.TestBackendConnectivity" name="test_select_columns" time="0.002" /><testcase classname="tests.integration.test_backend_connectivity.TestBackendConnectivity" name="test_sort" time="0.003" /><testcase classname="tests.integration.test_backend_connectivity.TestBackendConnectivity" name="test_group_by_agg" time="0.005" /><testcase classname="tests.integration.test_backend_connectivity.TestBackendConnectivity" name="test_show_query" time="0.001" /><testcase classname="tests.integration.test_backend_connectivity.TestBackendConnectivity" name="test_cleanup" time="0.003" /><testcase classname="tests.integration.test_backend_connectivity.TestBigQueryConnectivity" name="test_select_literal" time="0.000"><skipped type="pytest.skip" message="BigQuery-specific tests">/app/tests/integration/test_backend_connectivity.py:127: BigQuery-specific tests</skipped></testcase><testcase classname="tests.integration.test_backend_connectivity.TestBigQueryConnectivity" name="test_create_table" time="0.000"><skipped type="pytest.skip" message="BigQuery-specific tests">/app/tests/integration/test_backend_connectivity.py:133: BigQuery-specific tests</skipped></testcase><testcase classname="tests.integration.test_backend_connectivity.TestBigQueryConnectivity" name="test_show_query_filter" time="0.000"><skipped type="pytest.skip" message="BigQuery-specific tests">/app/tests/integration/test_backend_connectivity.py:139: BigQuery-specific tests</skipped></testcase><testcase classname="tests.integration.test_backend_connectivity.TestBigQueryConnectivity" name="test_show_query_select" time="0.000"><skipped type="pytest.skip" message="BigQuery-specific tests">/app/tests/integration/test_backend_connectivity.py:145: BigQuery-specific tests</skipped></testcase><testcase classname="tests.integration.test_backend_connectivity.TestBigQueryConnectivity" name="test_show_query_sort" time="0.000"><skipped type="pytest.skip" message="BigQuery-specific tests">/app/tests/integration/test_backend_connectivity.py:151: BigQuery-specific tests</skipped></testcase><testcase classname="tests.integration.test_backend_connectivity.TestBigQueryConnectivity" name="test_show_query_group_by" time="0.000"><skipped type="pytest.skip" message="BigQuery-specific tests">/app/tests/integration/test_backend_connectivity.py:156: BigQuery-specific tests</skipped></testcase><testcase classname="tests.integration.test_backend_connectivity.TestBigQueryConnectivity" name="test_cleanup" time="0.000"><skipped type="pytest.skip" message="BigQuery-specific tests">/app/tests/integration/test_backend_connectivity.py:167: BigQuery-specific tests</skipped></testcase><testcase classname="tests.integration.test_select_filter_sort.TestSimpleFilter" name="test_filter_age_gt" time="0.026" /><testcase classname="tests.integration.test_select_filter_sort.TestSimpleFilter" name="test_filter_eq" time="0.002" /><testcase classname="tests.integration.test_select_filter_sort.TestSelect" name="test_select_columns" time="0.002" /><testcase classname="tests.integration.test_select_filter_sort.TestSort" name="test_sort_asc" time="0.002" /><testcase classname="tests.integration.test_select_filter_sort.TestSort" name="test_sort_desc" time="0.002" /><testcase classname="tests.integration.test_select_filter_sort.TestLimit" name="test_limit" time="0.002" /><testcase classname="tests.integration.test_select_filter_sort.TestLimit" name="test_head" time="0.003" /><testcase classname="tests.integration.test_window.TestWindowPartition" name="test_sum_over_partition" time="0.026" /><testcase classname="tests.integration.test_window.TestWindowPartition" name="test_count_over_partition" time="0.005" /><testcase classname="tests.integration.test_window.TestWindowPartition" name="test_multiple_partition_keys" time="0.005" /><testcase classname="tests.integration.test_window.TestWindowRanking" name="test_rank_over_partition" time="0.005" /><testcase classname="tests.integration.test_window.TestWindowRanking" name="test_row_number_over_partition" time="0.005" /><testcase classname="tests.integration.test_window.TestWindowRanking" name="test_dense_rank_over_partition" time="0.005" /><testcase classname="tests.integration.test_window.TestWindowShift" name="test_shift_lag" time="0.006" /><testcase classname="tests.integration.test_window.TestWindowOrderBy" name="test_sum_over_with_order_by" time="0.004" /><testcase classname="tests.integration.test_window.TestWindowCumulative" name="test_cum_sum" time="0.003" /><testcase classname="tests.integration.test_window.TestWindowCumulative" name="test_cum_count" time="0.004" /><testcase classname="tests.integration.test_window.TestWindowCumulative" name="test_cum_max" time="0.008" /><testcase classname="tests.integration.test_window.TestWindowCumulative" name="test_cum_min" time="0.006" /><testcase classname="tests.integration.test_window.TestWindowFrameSpec" name="test_rows_preceding" time="0.006" /><testcase classname="tests.integration.test_window.TestWindowFrameSpec" name="test_rows_full_range" time="0.004" /><testcase classname="tests.integration.test_window.TestWindowGlobal" name="test_sum_over_all_rows" time="0.003" /><testcase classname="tests.integration.test_window.TestWindowGlobal" name="test_count_over_all_rows" time="0.002" /><testcase classname="tests.integration.test_window.TestWindowMultiple" name="test_two_windows_same_partition" time="0.005" /><testcase classname="tests.integration.test_window.TestWindowMultiple" name="test_two_windows_different_partitions" time="0.004" /><testcase classname="tests.integration.test_window.TestWindowInSubquery" name="test_filter_after_window" time="0.007" /><testcase classname="tests.integration.test_window.TestWindowInSubquery" name="test_sort_after_window" time="0.007" /></testsuite></testsuites>